<?xml version="1.0" encoding="UTF-8"?>
<!-- Generated by org.testng.reporters.JUnitReportReporter -->
<testsuite skipped="0" hostname="baba" name="tests.test_login" tests="1" failures="0" timestamp="10 Dec 2018 14:41:04 GMT" time="3.955" errors="0">
  <testcase name="test_Home_Page_Appear_Correct" time="3.955" classname="tests.test_login"/>
</testsuite> <!-- tests.test_login -->
